2021-06-14 10:20:53 [36mINFO: [39m @vladmandic/human version 2.0.2 
2021-06-14 10:20:53 [36mINFO: [39m User: vlado Platform: linux Arch: x64 Node: v16.0.0 
2021-06-14 10:20:53 [36mINFO: [39m Toolchain: tfjs: 3.7.0 esbuild 0.12.8; typescript 4.3.2; typedoc: 0.21.0-beta.2 eslint: 7.28.0 
2021-06-14 10:20:53 [36mINFO: [39m Clean: ["dist/*","types/*","typedoc/*"] 
2021-06-14 10:20:53 [36mINFO: [39m Build: file startup all type: production config: {"minifyWhitespace":true,"minifyIdentifiers":true,"minifySyntax":true} 
2021-06-14 10:20:53 [35mSTATE:[39m  target: node type: tfjs: {"imports":1,"importBytes":102,"outputBytes":1303,"outputFiles":"dist/tfjs.esm.js"} 
2021-06-14 10:20:53 [35mSTATE:[39m  target: node type: node: {"imports":41,"importBytes":430902,"outputBytes":376695,"outputFiles":"dist/human.node.js"} 
2021-06-14 10:20:53 [35mSTATE:[39m  target: nodeGPU type: tfjs: {"imports":1,"importBytes":110,"outputBytes":1311,"outputFiles":"dist/tfjs.esm.js"} 
2021-06-14 10:20:53 [35mSTATE:[39m  target: nodeGPU type: node: {"imports":41,"importBytes":430910,"outputBytes":376699,"outputFiles":"dist/human.node-gpu.js"} 
2021-06-14 10:20:53 [35mSTATE:[39m  target: nodeWASM type: tfjs: {"imports":1,"importBytes":149,"outputBytes":1378,"outputFiles":"dist/tfjs.esm.js"} 
2021-06-14 10:20:53 [35mSTATE:[39m  target: nodeWASM type: node: {"imports":41,"importBytes":430977,"outputBytes":376771,"outputFiles":"dist/human.node-wasm.js"} 
2021-06-14 10:20:53 [35mSTATE:[39m  target: browserNoBundle type: tfjs: {"imports":1,"importBytes":2817,"outputBytes":1214,"outputFiles":"dist/tfjs.esm.js"} 
2021-06-14 10:20:53 [35mSTATE:[39m  target: browserNoBundle type: esm: {"imports":41,"importBytes":430813,"outputBytes":247896,"outputFiles":"dist/human.esm-nobundle.js"} 
2021-06-14 10:20:54 [35mSTATE:[39m  target: browserBundle type: tfjs: {"modules":1684,"moduleBytes":5720339,"imports":7,"importBytes":2817,"outputBytes":2817783,"outputFiles":"dist/tfjs.esm.js"} 
2021-06-14 10:20:55 [35mSTATE:[39m  target: browserBundle type: iife: {"imports":41,"importBytes":3247382,"outputBytes":1588289,"outputFiles":"dist/human.js"} 
2021-06-14 10:20:55 [35mSTATE:[39m  target: browserBundle type: esm: {"imports":41,"importBytes":3247382,"outputBytes":1588281,"outputFiles":"dist/human.esm.js"} 
2021-06-14 10:20:55 [36mINFO: [39m Running Linter: ["server/","src/","tfjs/","test/","demo/"] 
2021-06-14 10:21:20 [36mINFO: [39m Linter complete: files: 73 errors: 0 warnings: 0 
2021-06-14 10:21:20 [36mINFO: [39m Generate ChangeLog: ["/home/vlado/dev/human/CHANGELOG.md"] 
2021-06-14 10:21:20 [36mINFO: [39m Generate Typings: ["src/human.ts"] outDir: ["types"] 
2021-06-14 10:21:35 [36mINFO: [39m Generate TypeDocs: ["src/human.ts"] outDir: ["typedoc"] 
2021-06-14 10:21:48 [36mINFO: [39m Documentation generated at /home/vlado/dev/human/typedoc 1 
